<?xml version="1.0" encoding="UTF-8"?>
<!-- Generated by org.testng.reporters.JUnitReportReporter -->
<testsuite hostname="DESKTOP-9SCBVFG" failures="0" tests="3" name="testcases.LoginTest" time="51.633" errors="0" timestamp="15 Aug 2023 11:23:47 GMT" skipped="0">
  <testcase classname="testcases.LoginTest" name="test1" time="14.035"/>
  <testcase classname="testcases.LoginTest" name="test4" time="15.621"/>
  <testcase classname="testcases.LoginTest" name="test2" time="21.977"/>
</testsuite> <!-- testcases.LoginTest -->
