<?xml version="1.0" encoding="UTF-8"?>
<!-- Generated by org.testng.reporters.JUnitReportReporter -->
<testsuite hostname="DESKTOP-9SCBVFG" failures="0" tests="3" name="testcases.LoginTest" time="43.997" errors="0" timestamp="15 Aug 2023 13:30:03 GMT" skipped="0">
  <testcase classname="testcases.LoginTest" name="test1" time="13.811"/>
  <testcase classname="testcases.LoginTest" name="test4" time="13.750"/>
  <testcase classname="testcases.LoginTest" name="test2" time="16.436"/>
</testsuite> <!-- testcases.LoginTest -->
