<?xml version="1.0" encoding="UTF-8"?>
<!-- Generated by org.testng.reporters.JUnitReportReporter -->
<testsuite skipped="0" hostname="DESKTOP-9SCBVFG" name="testcases.LoginTest" tests="3" failures="0" timestamp="15 Aug 2023 11:25:17 GMT" time="59.810" errors="0">
  <testcase name="test1" time="19.355" classname="testcases.LoginTest"/>
  <testcase name="test2" time="24.490" classname="testcases.LoginTest"/>
  <testcase name="test4" time="15.965" classname="testcases.LoginTest"/>
</testsuite> <!-- testcases.LoginTest -->
